yarn add v1.22.19
warning ..\..\package.json: No license field
warning package-lock.json found. Your project contains lock files generated by tools other than Yarn. It is advised not to mix package managers in order to avoid resolution inconsistencies caused by unsynchronized lock files. To clear this warning, remove package-lock.json.
[1/4] Resolving packages...
warning @storybook/nextjs > node-polyfill-webpack-plugin > url > querystring@0.2.0: The querystring API is considered Legacy. new code should use the URLSearchParams API instead.
[2/4] Fetching packages...
[3/4] Linking dependencies...
warning "@storybook/nextjs > @babel/preset-env@7.22.4" has unmet peer dependency "@babel/core@^7.0.0-0".
warning "@storybook/nextjs > @babel/plugin-syntax-dynamic-import@7.8.3" has unmet peer dependency "@babel/core@^7.0.0-0".
warning "@storybook/nextjs > @babel/plugin-syntax-import-assertions@7.20.0" has unmet peer dependency "@babel/core@^7.0.0-0".
warning "@storybook/nextjs > @babel/plugin-transform-runtime > babel-plugin-polyfill-corejs3@0.8.1" has unmet peer dependency "@babel/core@^7.0.0-0".
warning "@storybook/nextjs > @babel/plugin-transform-runtime > babel-plugin-polyfill-regenerator@0.5.0" has unmet peer dependency "@babel/core@^7.0.0-0".
warning "@storybook/nextjs > @babel/plugin-transform-runtime > babel-plugin-polyfill-corejs2@0.4.3" has unmet peer dependency "@babel/core@^7.0.0-0".
warning "@storybook/nextjs > @babel/plugin-proposal-class-properties@7.18.6" has unmet peer dependency "@babel/core@^7.0.0-0".
warning "@storybook/nextjs > @storybook/preset-react-webpack > @babel/preset-flow@7.21.4" has unmet peer dependency "@babel/core@^7.0.0-0".
warning "@storybook/nextjs > @babel/preset-typescript@7.21.5" has unmet peer dependency "@babel/core@^7.0.0-0".
warning "@storybook/nextjs > @babel/plugin-proposal-export-namespace-from@7.18.9" has unmet peer dependency "@babel/core@^7.0.0-0".
warning "@storybook/nextjs > @babel/plugin-proposal-object-rest-spread@7.20.7" has unmet peer dependency "@babel/core@^7.0.0-0".
warning "@storybook/nextjs > @babel/plugin-proposal-numeric-separator@7.18.6" has unmet peer dependency "@babel/core@^7.0.0-0".
warning "@storybook/nextjs > @babel/preset-react > @babel/plugin-transform-react-jsx > @babel/plugin-syntax-jsx@7.21.4" has unmet peer dependency "@babel/core@^7.0.0-0".
warning " > @storybook/nextjs@7.0.18" has unmet peer dependency "next@^9.0.0 || ^10.0.0 || ^11.0.0 || ^12.0.0 || ^13.0.0".
warning "@storybook/nextjs > @babel/plugin-transform-runtime@7.22.4" has unmet peer dependency "@babel/core@^7.0.0-0".
warning "@storybook/nextjs > css-loader@6.8.1" has unmet peer dependency "webpack@^5.0.0".
warning "@storybook/nextjs > @babel/plugin-syntax-bigint@7.8.3" has unmet peer dependency "@babel/core@^7.0.0-0".
warning "@storybook/nextjs > @babel/preset-react@7.22.3" has unmet peer dependency "@babel/core@^7.0.0-0".
warning "@storybook/nextjs > sass-loader@12.6.0" has unmet peer dependency "webpack@^5.0.0".
warning "@storybook/nextjs > style-loader@3.3.3" has unmet peer dependency "webpack@^5.0.0".
warning "@storybook/nextjs > postcss-loader@7.3.2" has unmet peer dependency "webpack@^5.0.0".
warning "@storybook/nextjs > @babel/preset-react > @babel/plugin-transform-react-display-name@7.18.6" has unmet peer dependency "@babel/core@^7.0.0-0".
warning "@storybook/nextjs > @babel/preset-react > @babel/plugin-transform-react-jsx-development@7.18.6" has unmet peer dependency "@babel/core@^7.0.0-0".
warning "@storybook/nextjs > node-polyfill-webpack-plugin@2.0.1" has unmet peer dependency "webpack@>=5".
warning "@storybook/nextjs > @babel/preset-react > @babel/plugin-transform-react-jsx@7.22.3" has unmet peer dependency "@babel/core@^7.0.0-0".
warning "@storybook/nextjs > @babel/preset-react > @babel/plugin-transform-react-pure-annotations@7.18.6" has unmet peer dependency "@babel/core@^7.0.0-0".
warning "@storybook/nextjs > @storybook/builder-webpack5 > fork-ts-checker-webpack-plugin@7.3.0" has unmet peer dependency "typescript@>3.6.0".
warning "@storybook/nextjs > @storybook/preset-react-webpack > @storybook/react-docgen-typescript-plugin@1.0.6--canary.9.0c3f3b7.0" has unmet peer dependency "typescript@>= 4.x".
warning "@storybook/nextjs > @storybook/preset-react-webpack > @storybook/react-docgen-typescript-plugin > react-docgen-typescript@2.2.2" has unmet peer dependency "typescript@>= 4.3.x".
error An unexpected error occurred: "ENOENT: no such file or directory, copyfile 'C:\\Users\\samir\\AppData\\Local\\Yarn\\Cache\\v6\\npm-@babel-core-7.22.1-5de51c5206f4c6f5533562838337a603c1033cfd-integrity\\node_modules\\@babel\\core\\lib\\parser\\util\\missing-plugin-helper.js' -> 'C:\\Users\\samir\\projects\\chat-box-gpt\\node_modules\\@babel\\core\\lib\\parser\\util\\missing-plugin-helper.js'".
info If you think this is a bug, please open a bug report with the information provided in "C:\\Users\\samir\\projects\\chat-box-gpt\\yarn-error.log".
info Visit https://yarnpkg.com/en/docs/cli/add for documentation about this command.
